c:\users\user\downloads\conteudo free wydestiny 7.84\source servidor\projects\gameserver\debug\handlemodulesinfo.obj
c:\users\user\downloads\conteudo free wydestiny 7.84\source servidor\projects\gameserver\debug\requestautopartyaddremovename.obj
c:\users\user\downloads\conteudo free wydestiny 7.84\source servidor\projects\gameserver\debug\requestdeletechar.obj
c:\users\user\downloads\conteudo free wydestiny 7.84\source servidor\projects\gameserver\debug\requestopengate.obj
c:\users\user\downloads\conteudo free wydestiny 7.84\source servidor\projects\gameserver\debug\sendfunc.obj
c:\users\user\downloads\conteudo free wydestiny 7.84\source servidor\projects\gameserver\debug\addmessage.obj
c:\users\user\downloads\conteudo free wydestiny 7.84\source servidor\projects\gameserver\debug\requestaddparty.obj
c:\users\user\downloads\conteudo free wydestiny 7.84\source servidor\projects\gameserver\debug\requestchat.obj
c:\users\user\downloads\conteudo free wydestiny 7.84\source servidor\projects\gameserver\debug\requestlogin.obj
c:\users\user\downloads\conteudo free wydestiny 7.84\source servidor\projects\gameserver\debug\requesttrade.obj
c:\users\user\downloads\conteudo free wydestiny 7.84\source servidor\projects\gameserver\debug\uod_sehtranslator.obj
c:\users\user\downloads\conteudo free wydestiny 7.84\source servidor\projects\gameserver\debug\newshopdonate.obj
c:\users\user\downloads\conteudo free wydestiny 7.84\source servidor\projects\gameserver\debug\requestbuydonateshop.obj
c:\users\user\downloads\conteudo free wydestiny 7.84\source servidor\projects\gameserver\debug\requestfriendlist.obj
c:\users\user\downloads\conteudo free wydestiny 7.84\source servidor\projects\gameserver\debug\requestsellshop.obj
c:\users\user\downloads\conteudo free wydestiny 7.84\source servidor\projects\gameserver\debug\uod_eventmanager.obj
c:\users\user\downloads\conteudo free wydestiny 7.84\source servidor\projects\gameserver\debug\cuser.obj
c:\users\user\downloads\conteudo free wydestiny 7.84\source servidor\projects\gameserver\debug\requestautopartysetpassword.obj
c:\users\user\downloads\conteudo free wydestiny 7.84\source servidor\projects\gameserver\debug\requestdropitem.obj
c:\users\user\downloads\conteudo free wydestiny 7.84\source servidor\projects\gameserver\debug\requestredeemgriffin.obj
c:\users\user\downloads\conteudo free wydestiny 7.84\source servidor\projects\gameserver\debug\uod_happyharvest.obj
c:\users\user\downloads\conteudo free wydestiny 7.84\source servidor\projects\gameserver\debug\pugixml.obj
c:\users\user\downloads\conteudo free wydestiny 7.84\source servidor\projects\gameserver\debug\mainwndproc.obj
c:\users\user\downloads\conteudo free wydestiny 7.84\source servidor\projects\gameserver\debug\requestblockitems.obj
c:\users\user\downloads\conteudo free wydestiny 7.84\source servidor\projects\gameserver\debug\requestessenceuse.obj
c:\users\user\downloads\conteudo free wydestiny 7.84\source servidor\projects\gameserver\debug\requestreqchallange.obj
c:\users\user\downloads\conteudo free wydestiny 7.84\source servidor\projects\gameserver\debug\uod_quiz.obj
c:\users\user\downloads\conteudo free wydestiny 7.84\source servidor\projects\gameserver\debug\guildinfo.obj
c:\users\user\downloads\conteudo free wydestiny 7.84\source servidor\projects\gameserver\debug\requestacceptrejectmission.obj
c:\users\user\downloads\conteudo free wydestiny 7.84\source servidor\projects\gameserver\debug\requestclientinfo.obj
c:\users\user\downloads\conteudo free wydestiny 7.84\source servidor\projects\gameserver\debug\requestmotion.obj
c:\users\user\downloads\conteudo free wydestiny 7.84\source servidor\projects\gameserver\debug\requestuseitem.obj
c:\users\user\downloads\conteudo free wydestiny 7.84\source servidor\projects\gameserver\debug\changeserver.obj
c:\users\user\downloads\conteudo free wydestiny 7.84\source servidor\projects\gameserver\debug\processtimer.obj
c:\users\user\downloads\conteudo free wydestiny 7.84\source servidor\projects\gameserver\debug\requestcompounder.obj
c:\users\user\downloads\conteudo free wydestiny 7.84\source servidor\projects\gameserver\debug\requestodin.obj
c:\users\user\downloads\conteudo free wydestiny 7.84\source servidor\projects\gameserver\debug\sendchartoworld.obj
c:\users\user\downloads\conteudo free wydestiny 7.84\source servidor\projects\gameserver\debug\cmob.obj
c:\users\user\downloads\conteudo free wydestiny 7.84\source servidor\projects\gameserver\debug\requestautopartyenterparty.obj
c:\users\user\downloads\conteudo free wydestiny 7.84\source servidor\projects\gameserver\debug\requestdeclarewar.obj
c:\users\user\downloads\conteudo free wydestiny 7.84\source servidor\projects\gameserver\debug\requestopenshop.obj
c:\users\user\downloads\conteudo free wydestiny 7.84\source servidor\projects\gameserver\debug\sendnumerictoken.obj
c:\users\user\downloads\conteudo free wydestiny 7.84\source servidor\projects\gameserver\debug\uod_crc32.obj
c:\users\user\downloads\conteudo free wydestiny 7.84\source servidor\projects\gameserver\debug\itemsaction.obj
c:\users\user\downloads\conteudo free wydestiny 7.84\source servidor\projects\gameserver\debug\requestally.obj
c:\users\user\downloads\conteudo free wydestiny 7.84\source servidor\projects\gameserver\debug\requestcreateautotrade.obj
c:\users\user\downloads\conteudo free wydestiny 7.84\source servidor\projects\gameserver\debug\requestopenautotrade.obj
c:\users\user\downloads\conteudo free wydestiny 7.84\source servidor\projects\gameserver\debug\sendcharlist.obj
c:\users\user\downloads\conteudo free wydestiny 7.84\source servidor\projects\gameserver\debug\decrypt.obj
c:\users\user\downloads\conteudo free wydestiny 7.84\source servidor\projects\gameserver\debug\requestadmincommand.obj
c:\users\user\downloads\conteudo free wydestiny 7.84\source servidor\projects\gameserver\debug\requestduel.obj
c:\users\user\downloads\conteudo free wydestiny 7.84\source servidor\projects\gameserver\debug\requestpremierstorebuy.obj
c:\users\user\downloads\conteudo free wydestiny 7.84\source servidor\projects\gameserver\debug\uod_arena.obj
c:\users\user\downloads\conteudo free wydestiny 7.84\source servidor\projects\gameserver\debug\addmessage db.obj
c:\users\user\downloads\conteudo free wydestiny 7.84\source servidor\projects\gameserver\debug\requestacceptrecruit.obj
c:\users\user\downloads\conteudo free wydestiny 7.84\source servidor\projects\gameserver\debug\requestchangeskillbar.obj
c:\users\user\downloads\conteudo free wydestiny 7.84\source servidor\projects\gameserver\debug\requestmerchantnpc.obj
c:\users\user\downloads\conteudo free wydestiny 7.84\source servidor\projects\gameserver\debug\uod_droplistgenerator.obj
c:\users\user\downloads\conteudo free wydestiny 7.84\source servidor\projects\gameserver\debug\encrypt.obj
c:\users\user\downloads\conteudo free wydestiny 7.84\source servidor\projects\gameserver\debug\requestacceptparty.obj
c:\users\user\downloads\conteudo free wydestiny 7.84\source servidor\projects\gameserver\debug\requestchangecity.obj
c:\users\user\downloads\conteudo free wydestiny 7.84\source servidor\projects\gameserver\debug\requestlindy.obj
c:\users\user\downloads\conteudo free wydestiny 7.84\source servidor\projects\gameserver\debug\requesttiny.obj
c:\users\user\downloads\conteudo free wydestiny 7.84\source servidor\projects\gameserver\debug\getcharinfo.obj
c:\users\user\downloads\conteudo free wydestiny 7.84\source servidor\projects\gameserver\debug\readmessage.obj
c:\users\user\downloads\conteudo free wydestiny 7.84\source servidor\projects\gameserver\debug\requestchallange.obj
c:\users\user\downloads\conteudo free wydestiny 7.84\source servidor\projects\gameserver\debug\requestkickmember.obj
c:\users\user\downloads\conteudo free wydestiny 7.84\source servidor\projects\gameserver\debug\requestteleport.obj
c:\users\user\downloads\conteudo free wydestiny 7.84\source servidor\projects\gameserver\debug\antibot.obj
c:\users\user\downloads\conteudo free wydestiny 7.84\source servidor\projects\gameserver\debug\requestattack.obj
c:\users\user\downloads\conteudo free wydestiny 7.84\source servidor\projects\gameserver\debug\requestdonateshop.obj
c:\users\user\downloads\conteudo free wydestiny 7.84\source servidor\projects\gameserver\debug\requestrecruitmember.obj
c:\users\user\downloads\conteudo free wydestiny 7.84\source servidor\projects\gameserver\debug\uod_christmastree.obj
c:\users\user\downloads\conteudo free wydestiny 7.84\source servidor\projects\gameserver\debug\getfunc.obj
c:\users\user\downloads\conteudo free wydestiny 7.84\source servidor\projects\gameserver\debug\requestautopartyenableall.obj
c:\users\user\downloads\conteudo free wydestiny 7.84\source servidor\projects\gameserver\debug\requestcreatechar.obj
c:\users\user\downloads\conteudo free wydestiny 7.84\source servidor\projects\gameserver\debug\requestnightmareaccept.obj
c:\users\user\downloads\conteudo free wydestiny 7.84\source servidor\projects\gameserver\debug\requesttransfergold.obj
c:\users\user\downloads\conteudo free wydestiny 7.84\source servidor\projects\gameserver\debug\cserver.obj
c:\users\user\downloads\conteudo free wydestiny 7.84\source servidor\projects\gameserver\debug\packetcontrol.obj
c:\users\user\downloads\conteudo free wydestiny 7.84\source servidor\projects\gameserver\debug\requestcommand.obj
c:\users\user\downloads\conteudo free wydestiny 7.84\source servidor\projects\gameserver\debug\requestpremierstore.obj
c:\users\user\downloads\conteudo free wydestiny 7.84\source servidor\projects\gameserver\debug\uod_christmasmission.obj
c:\users\user\downloads\conteudo free wydestiny 7.84\source servidor\projects\gameserver\debug\basedef.obj
c:\users\user\downloads\conteudo free wydestiny 7.84\source servidor\projects\gameserver\debug\requestbuyautotrade.obj
c:\users\user\downloads\conteudo free wydestiny 7.84\source servidor\projects\gameserver\debug\requestexitparty.obj
c:\users\user\downloads\conteudo free wydestiny 7.84\source servidor\projects\gameserver\debug\requestressuctplayer.obj
c:\users\user\downloads\conteudo free wydestiny 7.84\source servidor\projects\gameserver\debug\uod_duelletter.obj
c:\users\user\downloads\conteudo free wydestiny 7.84\source servidor\projects\gameserver\debug\antibotpackettest.obj
c:\users\user\downloads\conteudo free wydestiny 7.84\source servidor\projects\gameserver\debug\requestagatha.obj
c:\users\user\downloads\conteudo free wydestiny 7.84\source servidor\projects\gameserver\debug\requestcollectmission.obj
c:\users\user\downloads\conteudo free wydestiny 7.84\source servidor\projects\gameserver\debug\requestpickitem.obj
c:\users\user\downloads\conteudo free wydestiny 7.84\source servidor\projects\gameserver\debug\uod_mission.obj
c:\users\user\downloads\conteudo free wydestiny 7.84\source servidor\projects\gameserver\debug\uod_log.obj
c:\users\user\downloads\conteudo free wydestiny 7.84\source servidor\projects\gameserver\debug\main.obj
c:\users\user\downloads\conteudo free wydestiny 7.84\source servidor\projects\gameserver\debug\requestaylin.obj
c:\users\user\downloads\conteudo free wydestiny 7.84\source servidor\projects\gameserver\debug\requestehre.obj
c:\users\user\downloads\conteudo free wydestiny 7.84\source servidor\projects\gameserver\debug\requestrepurchase.obj
c:\users\user\downloads\conteudo free wydestiny 7.84\source servidor\projects\gameserver\debug\uod_prewarboss.obj
c:\users\user\downloads\conteudo free wydestiny 7.84\source servidor\projects\gameserver\debug\create.obj
c:\users\user\downloads\conteudo free wydestiny 7.84\source servidor\projects\gameserver\debug\requestaction.obj
c:\users\user\downloads\conteudo free wydestiny 7.84\source servidor\projects\gameserver\debug\requestcollectdaily.obj
c:\users\user\downloads\conteudo free wydestiny 7.84\source servidor\projects\gameserver\debug\requestmoveitem.obj
c:\users\user\downloads\conteudo free wydestiny 7.84\source servidor\projects\gameserver\debug\resendcharlist.obj
c:\users\user\downloads\conteudo free wydestiny 7.84\source servidor\projects\gameserver\debug\uod_guid.obj
c:\users\user\downloads\conteudo free wydestiny 7.84\source servidor\projects\gameserver\debug\messagesender.obj
c:\users\user\downloads\conteudo free wydestiny 7.84\source servidor\projects\gameserver\debug\requestbuyrvrstore.obj
c:\users\user\downloads\conteudo free wydestiny 7.84\source servidor\projects\gameserver\debug\requestextraction.obj
c:\users\user\downloads\conteudo free wydestiny 7.84\source servidor\projects\gameserver\debug\requestsealinfo.obj
c:\users\user\downloads\conteudo free wydestiny 7.84\source servidor\projects\gameserver\debug\uod_event.obj
c:\users\user\downloads\conteudo free wydestiny 7.84\source servidor\projects\gameserver\debug\handlemacaddressintegrity.obj
c:\users\user\downloads\conteudo free wydestiny 7.84\source servidor\projects\gameserver\debug\requestalchemy.obj
c:\users\user\downloads\conteudo free wydestiny 7.84\source servidor\projects\gameserver\debug\requestdeleteitem.obj
c:\users\user\downloads\conteudo free wydestiny 7.84\source servidor\projects\gameserver\debug\requestputoutseal.obj
c:\users\user\downloads\conteudo free wydestiny 7.84\source servidor\projects\gameserver\debug\uod_bossevent.obj
c:\users\user\downloads\conteudo free wydestiny 7.84\source servidor\projects\gameserver\debug\connect.obj
c:\users\user\downloads\conteudo free wydestiny 7.84\source servidor\projects\gameserver\debug\requestaddpoint.obj
c:\users\user\downloads\conteudo free wydestiny 7.84\source servidor\projects\gameserver\debug\requestcloseautotrade.obj
c:\users\user\downloads\conteudo free wydestiny 7.84\source servidor\projects\gameserver\debug\requestmsvfw32info.obj
c:\users\user\downloads\conteudo free wydestiny 7.84\source servidor\projects\gameserver\debug\requestungroupitem.obj
c:\users\user\downloads\conteudo free wydestiny 7.84\source servidor\projects\gameserver\debug\cnpcgener.obj
c:\users\user\downloads\conteudo free wydestiny 7.84\source servidor\projects\gameserver\debug\readmessage db.obj
c:\users\user\downloads\conteudo free wydestiny 7.84\source servidor\projects\gameserver\debug\requestbuyshop.obj
c:\users\user\downloads\conteudo free wydestiny 7.84\source servidor\projects\gameserver\debug\requestgriffinmaster.obj
c:\users\user\downloads\conteudo free wydestiny 7.84\source servidor\projects\gameserver\debug\requestshany.obj
c:\users\user\downloads\conteudo free wydestiny 7.84\source servidor\projects\gameserver\debug\windowsform.obj
c:\users\user\downloads\conteudo free wydestiny 7.84\source servidor\projects\gameserver\debug\vc143.pdb
c:\users\user\downloads\conteudo free wydestiny 7.84\source servidor\projects\gameserver\debug\gameserver.ilk
c:\users\user\downloads\conteudo free wydestiny 7.84\source servidor\debug\gameserver.exe
c:\users\user\downloads\conteudo free wydestiny 7.84\source servidor\debug\gameserver.pdb
c:\users\user\downloads\conteudo free wydestiny 7.84\source servidor\projects\gameserver\debug\gameserver.res
c:\users\user\downloads\conteudo free wydestiny 7.84\source servidor\projects\gameserver\debug\vc143.idb
c:\users\user\downloads\conteudo free wydestiny 7.84\source servidor\projects\gameserver\debug\gameserver.tlog\cl.11996.write.1.tlog
c:\users\user\downloads\conteudo free wydestiny 7.84\source servidor\projects\gameserver\debug\gameserver.tlog\cl.command.1.tlog
c:\users\user\downloads\conteudo free wydestiny 7.84\source servidor\projects\gameserver\debug\gameserver.tlog\cl.items.tlog
c:\users\user\downloads\conteudo free wydestiny 7.84\source servidor\projects\gameserver\debug\gameserver.tlog\cl.read.1.tlog
c:\users\user\downloads\conteudo free wydestiny 7.84\source servidor\projects\gameserver\debug\gameserver.tlog\link.command.1.tlog
c:\users\user\downloads\conteudo free wydestiny 7.84\source servidor\projects\gameserver\debug\gameserver.tlog\link.read.1.tlog
c:\users\user\downloads\conteudo free wydestiny 7.84\source servidor\projects\gameserver\debug\gameserver.tlog\link.write.1.tlog
c:\users\user\downloads\conteudo free wydestiny 7.84\source servidor\projects\gameserver\debug\gameserver.tlog\rc.command.1.tlog
c:\users\user\downloads\conteudo free wydestiny 7.84\source servidor\projects\gameserver\debug\gameserver.tlog\rc.read.1.tlog
c:\users\user\downloads\conteudo free wydestiny 7.84\source servidor\projects\gameserver\debug\gameserver.tlog\rc.write.1.tlog
