c:\users\user\downloads\conteudo free wydestiny 7.84\source servidor\dataserver\debug\vc143.pdb
c:\users\user\downloads\conteudo free wydestiny 7.84\source servidor\dataserver\debug\vc143.idb
c:\users\user\downloads\conteudo free wydestiny 7.84\source servidor\dataserver\debug\winproc.obj
c:\users\user\downloads\conteudo free wydestiny 7.84\source servidor\dataserver\debug\processtimer.obj
c:\users\user\downloads\conteudo free wydestiny 7.84\source servidor\dataserver\debug\log.obj
c:\users\user\downloads\conteudo free wydestiny 7.84\source servidor\dataserver\debug\dataserver.obj
c:\users\user\downloads\conteudo free wydestiny 7.84\source servidor\dataserver\debug\cuser.obj
c:\users\user\downloads\conteudo free wydestiny 7.84\source servidor\dataserver\debug\cpsock.obj
c:\users\user\downloads\conteudo free wydestiny 7.84\source servidor\dataserver\debug\cfiledb.obj
c:\users\user\downloads\conteudo free wydestiny 7.84\source servidor\dataserver\debug\base.obj
c:\users\user\downloads\conteudo free wydestiny 7.84\source servidor\dataserver\debug\dataserver.ilk
c:\users\user\downloads\conteudo free wydestiny 7.84\source servidor\debug\dataserver.exe
c:\users\user\downloads\conteudo free wydestiny 7.84\source servidor\debug\dataserver.pdb
c:\users\user\downloads\conteudo free wydestiny 7.84\source servidor\dataserver\debug\dataserver.res
c:\users\user\downloads\conteudo free wydestiny 7.84\source servidor\dataserver\debug\dataserver.tlog\cl.command.1.tlog
c:\users\user\downloads\conteudo free wydestiny 7.84\source servidor\dataserver\debug\dataserver.tlog\cl.items.tlog
c:\users\user\downloads\conteudo free wydestiny 7.84\source servidor\dataserver\debug\dataserver.tlog\cl.read.1.tlog
c:\users\user\downloads\conteudo free wydestiny 7.84\source servidor\dataserver\debug\dataserver.tlog\cl.write.1.tlog
c:\users\user\downloads\conteudo free wydestiny 7.84\source servidor\dataserver\debug\dataserver.tlog\link.command.1.tlog
c:\users\user\downloads\conteudo free wydestiny 7.84\source servidor\dataserver\debug\dataserver.tlog\link.read.1.tlog
c:\users\user\downloads\conteudo free wydestiny 7.84\source servidor\dataserver\debug\dataserver.tlog\link.write.1.tlog
c:\users\user\downloads\conteudo free wydestiny 7.84\source servidor\dataserver\debug\dataserver.tlog\rc.command.1.tlog
c:\users\user\downloads\conteudo free wydestiny 7.84\source servidor\dataserver\debug\dataserver.tlog\rc.read.1.tlog
c:\users\user\downloads\conteudo free wydestiny 7.84\source servidor\dataserver\debug\dataserver.tlog\rc.write.1.tlog
