  pch.cpp
  Basedef.cpp
  CFrame.cpp
  CMesh.cpp
  CPSock.cpp
  D3DDevice.cpp
  DirShow.cpp
  dsutil.cpp
  EventTranslator.cpp
  GeomObject.cpp
  JBlur.cpp
  MacroFactory.cpp
  MacroLevel.cpp
  MacroMsg.cpp
  MeshManager.cpp
  Mission.cpp
  MrItemMix.cpp
  NewApp.cpp
  ObjectManager.cpp
  RenderDevice.cpp
  SControl.cpp
  Code wird generiert...
  Kompilieren...
  SControlContainer.cpp
  SGrid.cpp
  TextureManager.cpp
  TimerManager.cpp
  TMArrow.cpp
  TMBike.cpp
  TMButterFly.cpp
  TMCamera.cpp
  TMCannon.cpp
  TMDemoScene.cpp
  TMDrop.cpp
  TMDust.cpp
  TMEffect.cpp
  TMEffectBillBoard.cpp
  TMEffectBillBoard2.cpp
  TMEffectBillBoard3.cpp
  TMEffectBillBoard4.cpp
  TMEffectCharge.cpp
  TMEffectDust.cpp
  TMEffectFirework.cpp
  Code wird generiert...
  Kompilieren...
  TMEffectGold.cpp
  TMEffectLevelUp.cpp
  TMEffectMesh.cpp
  TMEffectMeshRotate.cpp
  TMEffectParticle.cpp
  TMEffectSkinMesh.cpp
  TMEffectSpark.cpp
  TMEffectSpark2.cpp
  TMEffectStart.cpp
  TMEffectSWSwing.cpp
  TMFieldScene.cpp
  TMFireEffect.cpp
  TMFish.cpp
  TMFlail.cpp
  TMFloat.cpp
  TMFont2.cpp
  TMFont3.cpp
  TMGate.cpp
  TMGlobal.cpp
  TMGround.cpp
  Code wird generiert...
  Kompilieren...
  TMHouse.cpp
  TMHuman.cpp
  TMItem.cpp
  TMLeaf.cpp
  TMLight.cpp
  TMLog.cpp
  TMMesh.cpp
  TMObject.cpp
  TMObjectContainer.cpp
  TMProject.cpp
  TMRain.cpp
  TMScene.cpp
  TMSea.cpp
  TMSelectCharScene.cpp
  TMSelectServerScene.cpp
  TMShade.cpp
  TMShip.cpp
  TMSkillBash.cpp
  TMSkillCure.cpp
  TMSkillDoubleSwing.cpp
  Code wird generiert...
  Kompilieren...
  TMSkillExplosion2.cpp
  TMSkillFire.cpp
  TMSkillFlash.cpp
  TMSkillFreezeBlade.cpp
  TMSkillHaste.cpp
  TMSkillHeal.cpp
  TMSkillHeavenDust.cpp
  TMSkillHolyTouch.cpp
  TMSkillIceSpear.cpp
  TMSkillJudgement.cpp
  TMSkillLusterFurnish.cpp
  TMSkillMagicArrow.cpp
  TMSkillMagicShield.cpp
  TMSkillMeteorStorm.cpp
  TMSkillPoison.cpp
  TMSkillSlowSlash.cpp
  TMSkillSnow.cpp
  TMSkillSpChange.cpp
  TMSkillSpeedUp.cpp
  TMSkillThunderBolt.cpp
  Code wird generiert...
  Kompilieren...
  TMSkillTownPortal.cpp
  TMSkinMesh.cpp
  TMSky.cpp
  TMSnow.cpp
  TMSun.cpp
  TMTree.cpp
  TMUtil.cpp
  TMVideoWnd.cpp
  TreeNode.cpp
  Code wird generiert...
  D3DEnumeration.cpp
  DXUtil.cpp
  Code wird generiert...
  TMProject.vcxproj -> C:\Users\User\Downloads\CONTEUDO FREE WYDESTINY 7.84\Source cliente bkp inciial\Source cliente\Debug\WYDestiny.exe
