c:\users\user\downloads\conteudo free wydestiny 7.84\source cliente\projects\tmproject\debug\vc143.pdb
c:\users\user\downloads\conteudo free wydestiny 7.84\source cliente\projects\tmproject\debug\vc143.idb
c:\users\user\downloads\conteudo free wydestiny 7.84\source cliente\projects\tmproject\debug\scontrol.obj
c:\users\user\downloads\conteudo free wydestiny 7.84\source cliente\projects\tmproject\debug\objectmanager.obj
c:\users\user\downloads\conteudo free wydestiny 7.84\source cliente\projects\tmproject\debug\newapp.obj
c:\users\user\downloads\conteudo free wydestiny 7.84\source cliente\projects\tmproject\debug\mritemmix.obj
c:\users\user\downloads\conteudo free wydestiny 7.84\source cliente\projects\tmproject\debug\mission.obj
c:\users\user\downloads\conteudo free wydestiny 7.84\source cliente\projects\tmproject\debug\meshmanager.obj
c:\users\user\downloads\conteudo free wydestiny 7.84\source cliente\projects\tmproject\debug\macromsg.obj
c:\users\user\downloads\conteudo free wydestiny 7.84\source cliente\projects\tmproject\debug\macrolevel.obj
c:\users\user\downloads\conteudo free wydestiny 7.84\source cliente\projects\tmproject\debug\macrofactory.obj
c:\users\user\downloads\conteudo free wydestiny 7.84\source cliente\projects\tmproject\debug\jblur.obj
c:\users\user\downloads\conteudo free wydestiny 7.84\source cliente\projects\tmproject\debug\geomobject.obj
c:\users\user\downloads\conteudo free wydestiny 7.84\source cliente\projects\tmproject\debug\eventtranslator.obj
c:\users\user\downloads\conteudo free wydestiny 7.84\source cliente\projects\tmproject\debug\dsutil.obj
c:\users\user\downloads\conteudo free wydestiny 7.84\source cliente\projects\tmproject\debug\dirshow.obj
c:\users\user\downloads\conteudo free wydestiny 7.84\source cliente\projects\tmproject\debug\d3ddevice.obj
c:\users\user\downloads\conteudo free wydestiny 7.84\source cliente\projects\tmproject\debug\cpsock.obj
c:\users\user\downloads\conteudo free wydestiny 7.84\source cliente\projects\tmproject\debug\cmesh.obj
c:\users\user\downloads\conteudo free wydestiny 7.84\source cliente\projects\tmproject\debug\cframe.obj
c:\users\user\downloads\conteudo free wydestiny 7.84\source cliente\projects\tmproject\debug\basedef.obj
c:\users\user\downloads\conteudo free wydestiny 7.84\source cliente\projects\tmproject\debug\tmeffectfirework.obj
c:\users\user\downloads\conteudo free wydestiny 7.84\source cliente\projects\tmproject\debug\tmeffectdust.obj
c:\users\user\downloads\conteudo free wydestiny 7.84\source cliente\projects\tmproject\debug\tmeffectcharge.obj
c:\users\user\downloads\conteudo free wydestiny 7.84\source cliente\projects\tmproject\debug\tmeffectbillboard4.obj
c:\users\user\downloads\conteudo free wydestiny 7.84\source cliente\projects\tmproject\debug\tmeffectbillboard3.obj
c:\users\user\downloads\conteudo free wydestiny 7.84\source cliente\projects\tmproject\debug\tmeffectbillboard2.obj
c:\users\user\downloads\conteudo free wydestiny 7.84\source cliente\projects\tmproject\debug\tmeffectbillboard.obj
c:\users\user\downloads\conteudo free wydestiny 7.84\source cliente\projects\tmproject\debug\tmeffect.obj
c:\users\user\downloads\conteudo free wydestiny 7.84\source cliente\projects\tmproject\debug\tmdust.obj
c:\users\user\downloads\conteudo free wydestiny 7.84\source cliente\projects\tmproject\debug\tmdrop.obj
c:\users\user\downloads\conteudo free wydestiny 7.84\source cliente\projects\tmproject\debug\tmdemoscene.obj
c:\users\user\downloads\conteudo free wydestiny 7.84\source cliente\projects\tmproject\debug\tmcannon.obj
c:\users\user\downloads\conteudo free wydestiny 7.84\source cliente\projects\tmproject\debug\tmcamera.obj
c:\users\user\downloads\conteudo free wydestiny 7.84\source cliente\projects\tmproject\debug\tmbutterfly.obj
c:\users\user\downloads\conteudo free wydestiny 7.84\source cliente\projects\tmproject\debug\tmbike.obj
c:\users\user\downloads\conteudo free wydestiny 7.84\source cliente\projects\tmproject\debug\tmarrow.obj
c:\users\user\downloads\conteudo free wydestiny 7.84\source cliente\projects\tmproject\debug\timermanager.obj
c:\users\user\downloads\conteudo free wydestiny 7.84\source cliente\projects\tmproject\debug\texturemanager.obj
c:\users\user\downloads\conteudo free wydestiny 7.84\source cliente\projects\tmproject\debug\sgrid.obj
c:\users\user\downloads\conteudo free wydestiny 7.84\source cliente\projects\tmproject\debug\scontrolcontainer.obj
c:\users\user\downloads\conteudo free wydestiny 7.84\source cliente\projects\tmproject\debug\tmground.obj
c:\users\user\downloads\conteudo free wydestiny 7.84\source cliente\projects\tmproject\debug\tmglobal.obj
c:\users\user\downloads\conteudo free wydestiny 7.84\source cliente\projects\tmproject\debug\tmgate.obj
c:\users\user\downloads\conteudo free wydestiny 7.84\source cliente\projects\tmproject\debug\tmfont3.obj
c:\users\user\downloads\conteudo free wydestiny 7.84\source cliente\projects\tmproject\debug\tmfont2.obj
c:\users\user\downloads\conteudo free wydestiny 7.84\source cliente\projects\tmproject\debug\tmfloat.obj
c:\users\user\downloads\conteudo free wydestiny 7.84\source cliente\projects\tmproject\debug\tmflail.obj
c:\users\user\downloads\conteudo free wydestiny 7.84\source cliente\projects\tmproject\debug\tmfish.obj
c:\users\user\downloads\conteudo free wydestiny 7.84\source cliente\projects\tmproject\debug\tmfireeffect.obj
c:\users\user\downloads\conteudo free wydestiny 7.84\source cliente\projects\tmproject\debug\tmfieldscene.obj
c:\users\user\downloads\conteudo free wydestiny 7.84\source cliente\projects\tmproject\debug\tmeffectswswing.obj
c:\users\user\downloads\conteudo free wydestiny 7.84\source cliente\projects\tmproject\debug\tmeffectstart.obj
c:\users\user\downloads\conteudo free wydestiny 7.84\source cliente\projects\tmproject\debug\tmeffectspark2.obj
c:\users\user\downloads\conteudo free wydestiny 7.84\source cliente\projects\tmproject\debug\tmeffectspark.obj
c:\users\user\downloads\conteudo free wydestiny 7.84\source cliente\projects\tmproject\debug\tmeffectskinmesh.obj
c:\users\user\downloads\conteudo free wydestiny 7.84\source cliente\projects\tmproject\debug\tmeffectparticle.obj
c:\users\user\downloads\conteudo free wydestiny 7.84\source cliente\projects\tmproject\debug\tmeffectmeshrotate.obj
c:\users\user\downloads\conteudo free wydestiny 7.84\source cliente\projects\tmproject\debug\tmeffectmesh.obj
c:\users\user\downloads\conteudo free wydestiny 7.84\source cliente\projects\tmproject\debug\tmeffectlevelup.obj
c:\users\user\downloads\conteudo free wydestiny 7.84\source cliente\projects\tmproject\debug\tmeffectgold.obj
c:\users\user\downloads\conteudo free wydestiny 7.84\source cliente\projects\tmproject\debug\tmskilldoubleswing.obj
c:\users\user\downloads\conteudo free wydestiny 7.84\source cliente\projects\tmproject\debug\tmskillcure.obj
c:\users\user\downloads\conteudo free wydestiny 7.84\source cliente\projects\tmproject\debug\tmskillbash.obj
c:\users\user\downloads\conteudo free wydestiny 7.84\source cliente\projects\tmproject\debug\tmship.obj
c:\users\user\downloads\conteudo free wydestiny 7.84\source cliente\projects\tmproject\debug\tmshade.obj
c:\users\user\downloads\conteudo free wydestiny 7.84\source cliente\projects\tmproject\debug\tmselectserverscene.obj
c:\users\user\downloads\conteudo free wydestiny 7.84\source cliente\projects\tmproject\debug\tmselectcharscene.obj
c:\users\user\downloads\conteudo free wydestiny 7.84\source cliente\projects\tmproject\debug\tmsea.obj
c:\users\user\downloads\conteudo free wydestiny 7.84\source cliente\projects\tmproject\debug\tmscene.obj
c:\users\user\downloads\conteudo free wydestiny 7.84\source cliente\projects\tmproject\debug\tmrain.obj
c:\users\user\downloads\conteudo free wydestiny 7.84\source cliente\projects\tmproject\debug\tmproject.obj
c:\users\user\downloads\conteudo free wydestiny 7.84\source cliente\projects\tmproject\debug\tmobjectcontainer.obj
c:\users\user\downloads\conteudo free wydestiny 7.84\source cliente\projects\tmproject\debug\tmobject.obj
c:\users\user\downloads\conteudo free wydestiny 7.84\source cliente\projects\tmproject\debug\tmmesh.obj
c:\users\user\downloads\conteudo free wydestiny 7.84\source cliente\projects\tmproject\debug\tmlog.obj
c:\users\user\downloads\conteudo free wydestiny 7.84\source cliente\projects\tmproject\debug\tmlight.obj
c:\users\user\downloads\conteudo free wydestiny 7.84\source cliente\projects\tmproject\debug\tmleaf.obj
c:\users\user\downloads\conteudo free wydestiny 7.84\source cliente\projects\tmproject\debug\tmitem.obj
c:\users\user\downloads\conteudo free wydestiny 7.84\source cliente\projects\tmproject\debug\tmhuman.obj
c:\users\user\downloads\conteudo free wydestiny 7.84\source cliente\projects\tmproject\debug\tmhouse.obj
c:\users\user\downloads\conteudo free wydestiny 7.84\source cliente\projects\tmproject\debug\tmskillthunderbolt.obj
c:\users\user\downloads\conteudo free wydestiny 7.84\source cliente\projects\tmproject\debug\tmskillspeedup.obj
c:\users\user\downloads\conteudo free wydestiny 7.84\source cliente\projects\tmproject\debug\tmskillspchange.obj
c:\users\user\downloads\conteudo free wydestiny 7.84\source cliente\projects\tmproject\debug\tmskillsnow.obj
c:\users\user\downloads\conteudo free wydestiny 7.84\source cliente\projects\tmproject\debug\tmskillslowslash.obj
c:\users\user\downloads\conteudo free wydestiny 7.84\source cliente\projects\tmproject\debug\tmskillpoison.obj
c:\users\user\downloads\conteudo free wydestiny 7.84\source cliente\projects\tmproject\debug\tmskillmeteorstorm.obj
c:\users\user\downloads\conteudo free wydestiny 7.84\source cliente\projects\tmproject\debug\tmskillmagicshield.obj
c:\users\user\downloads\conteudo free wydestiny 7.84\source cliente\projects\tmproject\debug\tmskillmagicarrow.obj
c:\users\user\downloads\conteudo free wydestiny 7.84\source cliente\projects\tmproject\debug\tmskilllusterfurnish.obj
c:\users\user\downloads\conteudo free wydestiny 7.84\source cliente\projects\tmproject\debug\tmskilljudgement.obj
c:\users\user\downloads\conteudo free wydestiny 7.84\source cliente\projects\tmproject\debug\tmskillicespear.obj
c:\users\user\downloads\conteudo free wydestiny 7.84\source cliente\projects\tmproject\debug\tmskillholytouch.obj
c:\users\user\downloads\conteudo free wydestiny 7.84\source cliente\projects\tmproject\debug\tmskillheavendust.obj
c:\users\user\downloads\conteudo free wydestiny 7.84\source cliente\projects\tmproject\debug\tmskillheal.obj
c:\users\user\downloads\conteudo free wydestiny 7.84\source cliente\projects\tmproject\debug\tmskillhaste.obj
c:\users\user\downloads\conteudo free wydestiny 7.84\source cliente\projects\tmproject\debug\tmskillfreezeblade.obj
c:\users\user\downloads\conteudo free wydestiny 7.84\source cliente\projects\tmproject\debug\tmskillflash.obj
c:\users\user\downloads\conteudo free wydestiny 7.84\source cliente\projects\tmproject\debug\tmskillfire.obj
c:\users\user\downloads\conteudo free wydestiny 7.84\source cliente\projects\tmproject\debug\tmskillexplosion2.obj
c:\users\user\downloads\conteudo free wydestiny 7.84\source cliente\projects\tmproject\debug\treenode.obj
c:\users\user\downloads\conteudo free wydestiny 7.84\source cliente\projects\tmproject\debug\tmvideownd.obj
c:\users\user\downloads\conteudo free wydestiny 7.84\source cliente\projects\tmproject\debug\tmutil.obj
c:\users\user\downloads\conteudo free wydestiny 7.84\source cliente\projects\tmproject\debug\tmtree.obj
c:\users\user\downloads\conteudo free wydestiny 7.84\source cliente\projects\tmproject\debug\tmsun.obj
c:\users\user\downloads\conteudo free wydestiny 7.84\source cliente\projects\tmproject\debug\tmsnow.obj
c:\users\user\downloads\conteudo free wydestiny 7.84\source cliente\projects\tmproject\debug\tmsky.obj
c:\users\user\downloads\conteudo free wydestiny 7.84\source cliente\projects\tmproject\debug\tmskinmesh.obj
c:\users\user\downloads\conteudo free wydestiny 7.84\source cliente\projects\tmproject\debug\tmskilltownportal.obj
c:\users\user\downloads\conteudo free wydestiny 7.84\source cliente\projects\tmproject\debug\vc142.pdb
c:\users\user\downloads\conteudo free wydestiny 7.84\source cliente\projects\tmproject\debug\vc142.idb
c:\users\user\downloads\conteudo free wydestiny 7.84\source cliente\projects\tmproject\debug\wydestin.84c0ab27.tlog\cl.command.1.tlog
c:\users\user\downloads\conteudo free wydestiny 7.84\source cliente\projects\tmproject\debug\wydestin.84c0ab27.tlog\cl.read.1.tlog
c:\users\user\downloads\conteudo free wydestiny 7.84\source cliente\projects\tmproject\debug\wydestin.84c0ab27.tlog\cl.write.1.tlog
